
── Scoring engine ──────────────────────────────────
  ✓  scoreAllPlans — attaches final_score to each plan
  ✗  scoreAllPlans — higher coverage score wins with coverage-heavy weights
     plan-c should rank #1 with coverage-heavy weights
  ✓  scoreAllPlans — lower price wins with price-heavy weights
  ✓  rankPlans — excludes rejected plan IDs
  ✓  rankPlans — filters by max deductible
  ✓  rankPlans — assigns sequential rank numbers
  ✓  rerankCached — re-sorts without changing coverage scores
  ✓  rerankCached — coverage scores unchanged after reweight

── Input validation ────────────────────────────────
  ✓  validateUserProfile — rejects missing business_type
  ✓  validateUserProfile — rejects weights not summing to 100
  ✓  validateUserProfile — passes valid profile
  ✓  validateUserProfile — filters out invalid coverage needs
  ✓  validateUserProfile — coerces employees to integer

── NLP normaliser ──────────────────────────────────
  ✓  normaliseWithRules — detects covered items
  ✓  normaliseWithRules — detects excluded items
  ✓  normaliseWithRules — detects sublimit/partial items
  ✓  normaliseToStandardTag — maps synonym to tag

── Watsonx prompts ─────────────────────────────────
  ✓  buildIntentClassifierPrompt — includes feedback text
  ✓  buildScorerPrompt — includes all user needs
  ✓  buildPolicyExplainerPrompt — includes per-need instructions

── Aggregator (mock mode) ──────────────────────────
[33mwarn[39m: Using MOCK aggregator data — configure AGGREGATOR_API_KEY to use real data {"timestamp":"2026-03-14T20:00:35.073Z"}
  ✓  fetchQuotes — returns mock data when no API key configured
[33mwarn[39m: Using MOCK aggregator data — configure AGGREGATOR_API_KEY to use real data {"timestamp":"2026-03-14T20:00:35.075Z"}
  ✓  fetchQuotes — respects budget_max filter

── Config ──────────────────────────────────────────
  ✓  config — has all required sections
  ✓  config — scoring defaults are valid

────────────────────────────────────────────────────
Results: 23 passed, 1 failed

Failed tests:
  ✗ scoreAllPlans — higher coverage score wins with coverage-heavy weights: plan-c should rank #1 with coverage-heavy weights

